<?xml version="1.0" encoding="UTF-8"?>
<!-- Generated by org.testng.reporters.JUnitXMLReporter -->
<testsuite hostname="Sathaga" ignored="0" name="Command line test" tests="3" failures="1" timestamp="14 Dec 2021 13:49:40 GMT" time="34.314" errors="0">
  <testcase name="FacebookImageTest" time="3.12" classname="seleniumBasic.TestngSample"/>
  <testcase name="FacebookSignUpTest" time="4.842" classname="seleniumBasic.TestngSample"/>
  <testcase name="fbTest" time="5.511" classname="testNGframework.FirstTestCase">
    <failure type="java.lang.AssertionError" message="Facebook image is NOT displayed correctly expected [true] but found [false]">
      <![CDATA[java.lang.AssertionError: Facebook image is NOT displayed correctly expected [true] but found [false]
at testNGframework.FirstTestCase.fbTest(FirstTestCase.java:28)
... Removed 38 stack frames]]>
    </failure>
  </testcase> <!-- fbTest -->
</testsuite> <!-- Command line test -->
